{"timestamp":"2025-06-17T03:13:51.125265","level":"info","event":"Filling up the DagBag from /opt/airflow/dags/user_processing.py","logger":"airflow.models.dagbag.DagBag"}
{"timestamp":"2025-06-17T03:14:25.056616","level":"info","event":"Filling up the DagBag from /opt/airflow/dags/user_processing.py","logger":"airflow.models.dagbag.DagBag"}
{"timestamp":"2025-06-17T03:14:55.695148","level":"info","event":"Filling up the DagBag from /opt/airflow/dags/user_processing.py","logger":"airflow.models.dagbag.DagBag"}
{"timestamp":"2025-06-17T03:15:26.271928","level":"info","event":"Filling up the DagBag from /opt/airflow/dags/user_processing.py","logger":"airflow.models.dagbag.DagBag"}
{"timestamp":"2025-06-17T03:15:57.013511","level":"info","event":"Filling up the DagBag from /opt/airflow/dags/user_processing.py","logger":"airflow.models.dagbag.DagBag"}
{"timestamp":"2025-06-17T03:16:27.507282","level":"info","event":"Filling up the DagBag from /opt/airflow/dags/user_processing.py","logger":"airflow.models.dagbag.DagBag"}
{"timestamp":"2025-06-17T03:16:58.133498","level":"info","event":"Filling up the DagBag from /opt/airflow/dags/user_processing.py","logger":"airflow.models.dagbag.DagBag"}
{"timestamp":"2025-06-17T03:17:28.626714","level":"info","event":"Filling up the DagBag from /opt/airflow/dags/user_processing.py","logger":"airflow.models.dagbag.DagBag"}
{"timestamp":"2025-06-17T03:17:59.168213","level":"info","event":"Filling up the DagBag from /opt/airflow/dags/user_processing.py","logger":"airflow.models.dagbag.DagBag"}
{"timestamp":"2025-06-17T03:18:29.736096","level":"info","event":"Filling up the DagBag from /opt/airflow/dags/user_processing.py","logger":"airflow.models.dagbag.DagBag"}
{"timestamp":"2025-06-17T03:19:00.336575","level":"info","event":"Filling up the DagBag from /opt/airflow/dags/user_processing.py","logger":"airflow.models.dagbag.DagBag"}
{"timestamp":"2025-06-17T03:19:30.896229","level":"info","event":"Filling up the DagBag from /opt/airflow/dags/user_processing.py","logger":"airflow.models.dagbag.DagBag"}
{"timestamp":"2025-06-17T03:20:01.486031","level":"info","event":"Filling up the DagBag from /opt/airflow/dags/user_processing.py","logger":"airflow.models.dagbag.DagBag"}
{"timestamp":"2025-06-17T03:20:27.056221","level":"info","event":"Filling up the DagBag from /opt/airflow/dags/user_processing.py","logger":"airflow.models.dagbag.DagBag"}
{"timestamp":"2025-06-17T03:20:57.708017","level":"info","event":"Filling up the DagBag from /opt/airflow/dags/user_processing.py","logger":"airflow.models.dagbag.DagBag"}
{"timestamp":"2025-06-17T03:21:28.270640","level":"info","event":"Filling up the DagBag from /opt/airflow/dags/user_processing.py","logger":"airflow.models.dagbag.DagBag"}
{"timestamp":"2025-06-17T03:21:58.794472","level":"info","event":"Filling up the DagBag from /opt/airflow/dags/user_processing.py","logger":"airflow.models.dagbag.DagBag"}
{"timestamp":"2025-06-17T03:22:29.339787","level":"info","event":"Filling up the DagBag from /opt/airflow/dags/user_processing.py","logger":"airflow.models.dagbag.DagBag"}
{"timestamp":"2025-06-17T03:22:59.934720","level":"info","event":"Filling up the DagBag from /opt/airflow/dags/user_processing.py","logger":"airflow.models.dagbag.DagBag"}
{"timestamp":"2025-06-17T03:23:10.366914","level":"info","event":"Filling up the DagBag from /opt/airflow/dags/user_processing.py","logger":"airflow.models.dagbag.DagBag"}
{"timestamp":"2025-06-17T03:23:40.814832","level":"info","event":"Filling up the DagBag from /opt/airflow/dags/user_processing.py","logger":"airflow.models.dagbag.DagBag"}
{"timestamp":"2025-06-17T03:24:00.291848","level":"info","event":"Filling up the DagBag from /opt/airflow/dags/user_processing.py","logger":"airflow.models.dagbag.DagBag"}
{"timestamp":"2025-06-17T03:24:18.693707","level":"info","event":"Filling up the DagBag from /opt/airflow/dags/user_processing.py","logger":"airflow.models.dagbag.DagBag"}
{"timestamp":"2025-06-17T03:24:49.583730","level":"info","event":"Filling up the DagBag from /opt/airflow/dags/user_processing.py","logger":"airflow.models.dagbag.DagBag"}
{"timestamp":"2025-06-17T03:25:20.071093","level":"info","event":"Filling up the DagBag from /opt/airflow/dags/user_processing.py","logger":"airflow.models.dagbag.DagBag"}
{"timestamp":"2025-06-17T03:25:50.764816","level":"info","event":"Filling up the DagBag from /opt/airflow/dags/user_processing.py","logger":"airflow.models.dagbag.DagBag"}
{"timestamp":"2025-06-17T03:26:09.243501","level":"info","event":"Filling up the DagBag from /opt/airflow/dags/user_processing.py","logger":"airflow.models.dagbag.DagBag"}
{"timestamp":"2025-06-17T03:26:39.849588","level":"info","event":"Filling up the DagBag from /opt/airflow/dags/user_processing.py","logger":"airflow.models.dagbag.DagBag"}
{"timestamp":"2025-06-17T03:27:02.515937","level":"info","event":"Filling up the DagBag from /opt/airflow/dags/user_processing.py","logger":"airflow.models.dagbag.DagBag"}
{"timestamp":"2025-06-17T03:27:02.520478","level":"error","event":"Failed to import: /opt/airflow/dags/user_processing.py","logger":"airflow.models.dagbag.DagBag","error_detail":[{"exc_type":"SyntaxError","exc_value":"invalid syntax. Perhaps you forgot a comma? (user_processing.py, line 28)","exc_notes":[],"syntax_error":{"offset":9,"filename":"/opt/airflow/dags/user_processing.py","line":"        \"https://raw.githubusercontent.com/marclamberti/datasets/refs/heads/main/fakeuser.json\"\n","lineno":28,"msg":"invalid syntax. Perhaps you forgot a comma?"},"is_cause":false,"frames":[{"filename":"/home/airflow/.local/lib/python3.12/site-packages/airflow/models/dagbag.py","lineno":384,"name":"parse"},{"filename":"<frozen importlib._bootstrap_external>","lineno":995,"name":"exec_module"},{"filename":"<frozen importlib._bootstrap_external>","lineno":1133,"name":"get_code"},{"filename":"<frozen importlib._bootstrap_external>","lineno":1063,"name":"source_to_code"},{"filename":"<frozen importlib._bootstrap>","lineno":488,"name":"_call_with_frames_removed"}]}]}
{"timestamp":"2025-06-17T03:27:04.630731","level":"info","event":"Filling up the DagBag from /opt/airflow/dags/user_processing.py","logger":"airflow.models.dagbag.DagBag"}
{"timestamp":"2025-06-17T03:27:04.634696","level":"error","event":"Failed to import: /opt/airflow/dags/user_processing.py","logger":"airflow.models.dagbag.DagBag","error_detail":[{"exc_type":"SyntaxError","exc_value":"invalid syntax. Perhaps you forgot a comma? (user_processing.py, line 28)","exc_notes":[],"syntax_error":{"offset":9,"filename":"/opt/airflow/dags/user_processing.py","line":"        \"https://raw.githubusercontent.com/marclamberti/datasets/refs/heads/main/fakeuser.json\"\n","lineno":28,"msg":"invalid syntax. Perhaps you forgot a comma?"},"is_cause":false,"frames":[{"filename":"/home/airflow/.local/lib/python3.12/site-packages/airflow/models/dagbag.py","lineno":384,"name":"parse"},{"filename":"<frozen importlib._bootstrap_external>","lineno":995,"name":"exec_module"},{"filename":"<frozen importlib._bootstrap_external>","lineno":1133,"name":"get_code"},{"filename":"<frozen importlib._bootstrap_external>","lineno":1063,"name":"source_to_code"},{"filename":"<frozen importlib._bootstrap>","lineno":488,"name":"_call_with_frames_removed"}]}]}
{"timestamp":"2025-06-17T03:27:08.811608","level":"info","event":"Filling up the DagBag from /opt/airflow/dags/user_processing.py","logger":"airflow.models.dagbag.DagBag"}
{"timestamp":"2025-06-17T03:27:08.817518","level":"error","event":"Failed to import: /opt/airflow/dags/user_processing.py","logger":"airflow.models.dagbag.DagBag","error_detail":[{"exc_type":"SyntaxError","exc_value":"invalid syntax. Perhaps you forgot a comma? (user_processing.py, line 28)","exc_notes":[],"syntax_error":{"offset":9,"filename":"/opt/airflow/dags/user_processing.py","line":"        \"https://raw.githubusercontent.com/marclamberti/datasets/refs/heads/main/fakeuser.json\"\n","lineno":28,"msg":"invalid syntax. Perhaps you forgot a comma?"},"is_cause":false,"frames":[{"filename":"/home/airflow/.local/lib/python3.12/site-packages/airflow/models/dagbag.py","lineno":384,"name":"parse"},{"filename":"<frozen importlib._bootstrap_external>","lineno":995,"name":"exec_module"},{"filename":"<frozen importlib._bootstrap_external>","lineno":1133,"name":"get_code"},{"filename":"<frozen importlib._bootstrap_external>","lineno":1063,"name":"source_to_code"},{"filename":"<frozen importlib._bootstrap>","lineno":488,"name":"_call_with_frames_removed"}]}]}
{"timestamp":"2025-06-17T03:27:21.123353","level":"info","event":"Filling up the DagBag from /opt/airflow/dags/user_processing.py","logger":"airflow.models.dagbag.DagBag"}
{"timestamp":"2025-06-17T03:27:21.129970","level":"error","event":"Failed to import: /opt/airflow/dags/user_processing.py","logger":"airflow.models.dagbag.DagBag","error_detail":[{"exc_type":"SyntaxError","exc_value":"invalid syntax. Perhaps you forgot a comma? (user_processing.py, line 28)","exc_notes":[],"syntax_error":{"offset":9,"filename":"/opt/airflow/dags/user_processing.py","line":"        \"https://raw.githubusercontent.com/marclamberti/datasets/refs/heads/main/fakeuser.json\"\n","lineno":28,"msg":"invalid syntax. Perhaps you forgot a comma?"},"is_cause":false,"frames":[{"filename":"/home/airflow/.local/lib/python3.12/site-packages/airflow/models/dagbag.py","lineno":384,"name":"parse"},{"filename":"<frozen importlib._bootstrap_external>","lineno":995,"name":"exec_module"},{"filename":"<frozen importlib._bootstrap_external>","lineno":1133,"name":"get_code"},{"filename":"<frozen importlib._bootstrap_external>","lineno":1063,"name":"source_to_code"},{"filename":"<frozen importlib._bootstrap>","lineno":488,"name":"_call_with_frames_removed"}]}]}
{"timestamp":"2025-06-17T03:27:33.367936","level":"info","event":"Filling up the DagBag from /opt/airflow/dags/user_processing.py","logger":"airflow.models.dagbag.DagBag"}
{"timestamp":"2025-06-17T03:27:33.372318","level":"error","event":"Failed to import: /opt/airflow/dags/user_processing.py","logger":"airflow.models.dagbag.DagBag","error_detail":[{"exc_type":"SyntaxError","exc_value":"invalid syntax. Perhaps you forgot a comma? (user_processing.py, line 28)","exc_notes":[],"syntax_error":{"offset":9,"filename":"/opt/airflow/dags/user_processing.py","line":"        \"https://raw.githubusercontent.com/marclamberti/datasets/refs/heads/main/fakeuser.json\"\n","lineno":28,"msg":"invalid syntax. Perhaps you forgot a comma?"},"is_cause":false,"frames":[{"filename":"/home/airflow/.local/lib/python3.12/site-packages/airflow/models/dagbag.py","lineno":384,"name":"parse"},{"filename":"<frozen importlib._bootstrap_external>","lineno":995,"name":"exec_module"},{"filename":"<frozen importlib._bootstrap_external>","lineno":1133,"name":"get_code"},{"filename":"<frozen importlib._bootstrap_external>","lineno":1063,"name":"source_to_code"},{"filename":"<frozen importlib._bootstrap>","lineno":488,"name":"_call_with_frames_removed"}]}]}
{"timestamp":"2025-06-17T03:27:43.700185","level":"info","event":"Filling up the DagBag from /opt/airflow/dags/user_processing.py","logger":"airflow.models.dagbag.DagBag"}
{"timestamp":"2025-06-17T03:27:43.705023","level":"error","event":"Failed to import: /opt/airflow/dags/user_processing.py","logger":"airflow.models.dagbag.DagBag","error_detail":[{"exc_type":"IndentationError","exc_value":"unexpected indent (user_processing.py, line 29)","exc_notes":[],"syntax_error":{"offset":8,"filename":"/opt/airflow/dags/user_processing.py","line":"        print(response.status_code)\n","lineno":29,"msg":"unexpected indent"},"is_cause":false,"frames":[{"filename":"/home/airflow/.local/lib/python3.12/site-packages/airflow/models/dagbag.py","lineno":384,"name":"parse"},{"filename":"<frozen importlib._bootstrap_external>","lineno":995,"name":"exec_module"},{"filename":"<frozen importlib._bootstrap_external>","lineno":1133,"name":"get_code"},{"filename":"<frozen importlib._bootstrap_external>","lineno":1063,"name":"source_to_code"},{"filename":"<frozen importlib._bootstrap>","lineno":488,"name":"_call_with_frames_removed"}]}]}
{"timestamp":"2025-06-17T03:27:46.253711","level":"info","event":"Filling up the DagBag from /opt/airflow/dags/user_processing.py","logger":"airflow.models.dagbag.DagBag"}
{"timestamp":"2025-06-17T03:27:46.259432","level":"error","event":"Failed to import: /opt/airflow/dags/user_processing.py","logger":"airflow.models.dagbag.DagBag","error_detail":[{"exc_type":"IndentationError","exc_value":"unexpected indent (user_processing.py, line 29)","exc_notes":[],"syntax_error":{"offset":8,"filename":"/opt/airflow/dags/user_processing.py","line":"        print(response.status_code)\n","lineno":29,"msg":"unexpected indent"},"is_cause":false,"frames":[{"filename":"/home/airflow/.local/lib/python3.12/site-packages/airflow/models/dagbag.py","lineno":384,"name":"parse"},{"filename":"<frozen importlib._bootstrap_external>","lineno":995,"name":"exec_module"},{"filename":"<frozen importlib._bootstrap_external>","lineno":1133,"name":"get_code"},{"filename":"<frozen importlib._bootstrap_external>","lineno":1063,"name":"source_to_code"},{"filename":"<frozen importlib._bootstrap>","lineno":488,"name":"_call_with_frames_removed"}]}]}
{"timestamp":"2025-06-17T03:27:57.008768","level":"info","event":"Filling up the DagBag from /opt/airflow/dags/user_processing.py","logger":"airflow.models.dagbag.DagBag"}
{"timestamp":"2025-06-17T03:27:57.043927","level":"error","event":"Failed to import: /opt/airflow/dags/user_processing.py","logger":"airflow.models.dagbag.DagBag","error_detail":[{"exc_type":"IndentationError","exc_value":"unexpected indent (user_processing.py, line 29)","exc_notes":[],"syntax_error":{"offset":8,"filename":"/opt/airflow/dags/user_processing.py","line":"        print(response.status_code)\n","lineno":29,"msg":"unexpected indent"},"is_cause":false,"frames":[{"filename":"/home/airflow/.local/lib/python3.12/site-packages/airflow/models/dagbag.py","lineno":384,"name":"parse"},{"filename":"<frozen importlib._bootstrap_external>","lineno":995,"name":"exec_module"},{"filename":"<frozen importlib._bootstrap_external>","lineno":1133,"name":"get_code"},{"filename":"<frozen importlib._bootstrap_external>","lineno":1063,"name":"source_to_code"},{"filename":"<frozen importlib._bootstrap>","lineno":488,"name":"_call_with_frames_removed"}]}]}
{"timestamp":"2025-06-17T03:28:11.458742","level":"info","event":"Filling up the DagBag from /opt/airflow/dags/user_processing.py","logger":"airflow.models.dagbag.DagBag"}
{"timestamp":"2025-06-17T03:28:11.464328","level":"error","event":"Failed to import: /opt/airflow/dags/user_processing.py","logger":"airflow.models.dagbag.DagBag","error_detail":[{"exc_type":"IndentationError","exc_value":"unexpected indent (user_processing.py, line 29)","exc_notes":[],"syntax_error":{"offset":8,"filename":"/opt/airflow/dags/user_processing.py","line":"        print(response.status_code)\n","lineno":29,"msg":"unexpected indent"},"is_cause":false,"frames":[{"filename":"/home/airflow/.local/lib/python3.12/site-packages/airflow/models/dagbag.py","lineno":384,"name":"parse"},{"filename":"<frozen importlib._bootstrap_external>","lineno":995,"name":"exec_module"},{"filename":"<frozen importlib._bootstrap_external>","lineno":1133,"name":"get_code"},{"filename":"<frozen importlib._bootstrap_external>","lineno":1063,"name":"source_to_code"},{"filename":"<frozen importlib._bootstrap>","lineno":488,"name":"_call_with_frames_removed"}]}]}
{"timestamp":"2025-06-17T03:28:16.655849","level":"info","event":"Filling up the DagBag from /opt/airflow/dags/user_processing.py","logger":"airflow.models.dagbag.DagBag"}
{"timestamp":"2025-06-17T03:28:16.663139","level":"error","event":"Failed to import: /opt/airflow/dags/user_processing.py","logger":"airflow.models.dagbag.DagBag","error_detail":[{"exc_type":"IndentationError","exc_value":"unexpected indent (user_processing.py, line 30)","exc_notes":[],"syntax_error":{"offset":8,"filename":"/opt/airflow/dags/user_processing.py","line":"        print(response.status_code)\n","lineno":30,"msg":"unexpected indent"},"is_cause":false,"frames":[{"filename":"/home/airflow/.local/lib/python3.12/site-packages/airflow/models/dagbag.py","lineno":384,"name":"parse"},{"filename":"<frozen importlib._bootstrap_external>","lineno":995,"name":"exec_module"},{"filename":"<frozen importlib._bootstrap_external>","lineno":1133,"name":"get_code"},{"filename":"<frozen importlib._bootstrap_external>","lineno":1063,"name":"source_to_code"},{"filename":"<frozen importlib._bootstrap>","lineno":488,"name":"_call_with_frames_removed"}]}]}
{"timestamp":"2025-06-17T03:28:18.782459","level":"info","event":"Filling up the DagBag from /opt/airflow/dags/user_processing.py","logger":"airflow.models.dagbag.DagBag"}
{"timestamp":"2025-06-17T03:28:18.786328","level":"error","event":"Failed to import: /opt/airflow/dags/user_processing.py","logger":"airflow.models.dagbag.DagBag","error_detail":[{"exc_type":"IndentationError","exc_value":"unexpected indent (user_processing.py, line 30)","exc_notes":[],"syntax_error":{"offset":8,"filename":"/opt/airflow/dags/user_processing.py","line":"        print(response.status_code)\n","lineno":30,"msg":"unexpected indent"},"is_cause":false,"frames":[{"filename":"/home/airflow/.local/lib/python3.12/site-packages/airflow/models/dagbag.py","lineno":384,"name":"parse"},{"filename":"<frozen importlib._bootstrap_external>","lineno":995,"name":"exec_module"},{"filename":"<frozen importlib._bootstrap_external>","lineno":1133,"name":"get_code"},{"filename":"<frozen importlib._bootstrap_external>","lineno":1063,"name":"source_to_code"},{"filename":"<frozen importlib._bootstrap>","lineno":488,"name":"_call_with_frames_removed"}]}]}
{"timestamp":"2025-06-17T03:28:26.002528","level":"info","event":"Filling up the DagBag from /opt/airflow/dags/user_processing.py","logger":"airflow.models.dagbag.DagBag"}
{"timestamp":"2025-06-17T03:28:26.007576","level":"error","event":"Failed to import: /opt/airflow/dags/user_processing.py","logger":"airflow.models.dagbag.DagBag","error_detail":[{"exc_type":"IndentationError","exc_value":"unexpected indent (user_processing.py, line 31)","exc_notes":[],"syntax_error":{"offset":8,"filename":"/opt/airflow/dags/user_processing.py","line":"        if response.status_code == 200:\n","lineno":31,"msg":"unexpected indent"},"is_cause":false,"frames":[{"filename":"/home/airflow/.local/lib/python3.12/site-packages/airflow/models/dagbag.py","lineno":384,"name":"parse"},{"filename":"<frozen importlib._bootstrap_external>","lineno":995,"name":"exec_module"},{"filename":"<frozen importlib._bootstrap_external>","lineno":1133,"name":"get_code"},{"filename":"<frozen importlib._bootstrap_external>","lineno":1063,"name":"source_to_code"},{"filename":"<frozen importlib._bootstrap>","lineno":488,"name":"_call_with_frames_removed"}]}]}
{"timestamp":"2025-06-17T03:28:35.280120","level":"info","event":"Filling up the DagBag from /opt/airflow/dags/user_processing.py","logger":"airflow.models.dagbag.DagBag"}
{"timestamp":"2025-06-17T03:28:35.285516","level":"error","event":"Failed to import: /opt/airflow/dags/user_processing.py","logger":"airflow.models.dagbag.DagBag","error_detail":[{"exc_type":"IndentationError","exc_value":"unexpected indent (user_processing.py, line 33)","exc_notes":[],"syntax_error":{"offset":12,"filename":"/opt/airflow/dags/user_processing.py","line":"            fake_user = response.json()\n","lineno":33,"msg":"unexpected indent"},"is_cause":false,"frames":[{"filename":"/home/airflow/.local/lib/python3.12/site-packages/airflow/models/dagbag.py","lineno":384,"name":"parse"},{"filename":"<frozen importlib._bootstrap_external>","lineno":995,"name":"exec_module"},{"filename":"<frozen importlib._bootstrap_external>","lineno":1133,"name":"get_code"},{"filename":"<frozen importlib._bootstrap_external>","lineno":1063,"name":"source_to_code"},{"filename":"<frozen importlib._bootstrap>","lineno":488,"name":"_call_with_frames_removed"}]}]}
{"timestamp":"2025-06-17T03:28:38.526851","level":"info","event":"Filling up the DagBag from /opt/airflow/dags/user_processing.py","logger":"airflow.models.dagbag.DagBag"}
{"timestamp":"2025-06-17T03:28:38.539621","level":"error","event":"Failed to import: /opt/airflow/dags/user_processing.py","logger":"airflow.models.dagbag.DagBag","error_detail":[{"exc_type":"IndentationError","exc_value":"unexpected indent (user_processing.py, line 33)","exc_notes":[],"syntax_error":{"offset":12,"filename":"/opt/airflow/dags/user_processing.py","line":"            fake_user = response.json()\n","lineno":33,"msg":"unexpected indent"},"is_cause":false,"frames":[{"filename":"/home/airflow/.local/lib/python3.12/site-packages/airflow/models/dagbag.py","lineno":384,"name":"parse"},{"filename":"<frozen importlib._bootstrap_external>","lineno":995,"name":"exec_module"},{"filename":"<frozen importlib._bootstrap_external>","lineno":1133,"name":"get_code"},{"filename":"<frozen importlib._bootstrap_external>","lineno":1063,"name":"source_to_code"},{"filename":"<frozen importlib._bootstrap>","lineno":488,"name":"_call_with_frames_removed"}]}]}
{"timestamp":"2025-06-17T03:28:50.273002","level":"info","event":"Filling up the DagBag from /opt/airflow/dags/user_processing.py","logger":"airflow.models.dagbag.DagBag"}
{"timestamp":"2025-06-17T03:28:59.691270","level":"info","event":"Filling up the DagBag from /opt/airflow/dags/user_processing.py","logger":"airflow.models.dagbag.DagBag"}
{"timestamp":"2025-06-17T03:29:17.082940","level":"info","event":"Filling up the DagBag from /opt/airflow/dags/user_processing.py","logger":"airflow.models.dagbag.DagBag"}
{"timestamp":"2025-06-17T03:29:20.253447","level":"info","event":"Filling up the DagBag from /opt/airflow/dags/user_processing.py","logger":"airflow.models.dagbag.DagBag"}
{"timestamp":"2025-06-17T03:29:23.428934","level":"info","event":"Filling up the DagBag from /opt/airflow/dags/user_processing.py","logger":"airflow.models.dagbag.DagBag"}
{"timestamp":"2025-06-17T03:29:31.665979","level":"info","event":"Filling up the DagBag from /opt/airflow/dags/user_processing.py","logger":"airflow.models.dagbag.DagBag"}
{"timestamp":"2025-06-17T03:30:02.219302","level":"info","event":"Filling up the DagBag from /opt/airflow/dags/user_processing.py","logger":"airflow.models.dagbag.DagBag"}
{"timestamp":"2025-06-17T03:30:27.672627","level":"info","event":"Filling up the DagBag from /opt/airflow/dags/user_processing.py","logger":"airflow.models.dagbag.DagBag"}
{"timestamp":"2025-06-17T03:30:37.988608","level":"info","event":"Filling up the DagBag from /opt/airflow/dags/user_processing.py","logger":"airflow.models.dagbag.DagBag"}
{"timestamp":"2025-06-17T03:31:01.543453","level":"info","event":"Filling up the DagBag from /opt/airflow/dags/user_processing.py","logger":"airflow.models.dagbag.DagBag"}
{"timestamp":"2025-06-17T03:31:32.156305","level":"info","event":"Filling up the DagBag from /opt/airflow/dags/user_processing.py","logger":"airflow.models.dagbag.DagBag"}
{"timestamp":"2025-06-17T03:32:02.708682","level":"info","event":"Filling up the DagBag from /opt/airflow/dags/user_processing.py","logger":"airflow.models.dagbag.DagBag"}
{"timestamp":"2025-06-17T03:32:33.416123","level":"info","event":"Filling up the DagBag from /opt/airflow/dags/user_processing.py","logger":"airflow.models.dagbag.DagBag"}
{"timestamp":"2025-06-17T03:32:53.902187","level":"info","event":"Filling up the DagBag from /opt/airflow/dags/user_processing.py","logger":"airflow.models.dagbag.DagBag"}
{"timestamp":"2025-06-17T03:33:24.608619","level":"info","event":"Filling up the DagBag from /opt/airflow/dags/user_processing.py","logger":"airflow.models.dagbag.DagBag"}
{"timestamp":"2025-06-17T03:33:55.338475","level":"info","event":"Filling up the DagBag from /opt/airflow/dags/user_processing.py","logger":"airflow.models.dagbag.DagBag"}
{"timestamp":"2025-06-17T03:34:25.868150","level":"info","event":"Filling up the DagBag from /opt/airflow/dags/user_processing.py","logger":"airflow.models.dagbag.DagBag"}
{"timestamp":"2025-06-17T03:34:56.468372","level":"info","event":"Filling up the DagBag from /opt/airflow/dags/user_processing.py","logger":"airflow.models.dagbag.DagBag"}
{"timestamp":"2025-06-17T03:35:27.016504","level":"info","event":"Filling up the DagBag from /opt/airflow/dags/user_processing.py","logger":"airflow.models.dagbag.DagBag"}
{"timestamp":"2025-06-17T03:35:57.673104","level":"info","event":"Filling up the DagBag from /opt/airflow/dags/user_processing.py","logger":"airflow.models.dagbag.DagBag"}
{"timestamp":"2025-06-17T03:36:21.241542","level":"info","event":"Filling up the DagBag from /opt/airflow/dags/user_processing.py","logger":"airflow.models.dagbag.DagBag"}
{"timestamp":"2025-06-17T03:36:51.936792","level":"info","event":"Filling up the DagBag from /opt/airflow/dags/user_processing.py","logger":"airflow.models.dagbag.DagBag"}
{"timestamp":"2025-06-17T03:37:22.559964","level":"info","event":"Filling up the DagBag from /opt/airflow/dags/user_processing.py","logger":"airflow.models.dagbag.DagBag"}
{"timestamp":"2025-06-17T03:37:53.360924","level":"info","event":"Filling up the DagBag from /opt/airflow/dags/user_processing.py","logger":"airflow.models.dagbag.DagBag"}
{"timestamp":"2025-06-17T03:38:20.885053","level":"info","event":"Filling up the DagBag from /opt/airflow/dags/user_processing.py","logger":"airflow.models.dagbag.DagBag"}
{"timestamp":"2025-06-17T03:38:26.154595","level":"info","event":"Filling up the DagBag from /opt/airflow/dags/user_processing.py","logger":"airflow.models.dagbag.DagBag"}
{"timestamp":"2025-06-17T03:38:38.565537","level":"info","event":"Filling up the DagBag from /opt/airflow/dags/user_processing.py","logger":"airflow.models.dagbag.DagBag"}
{"timestamp":"2025-06-17T03:38:52.112513","level":"info","event":"Filling up the DagBag from /opt/airflow/dags/user_processing.py","logger":"airflow.models.dagbag.DagBag"}
{"timestamp":"2025-06-17T03:39:22.634371","level":"info","event":"Filling up the DagBag from /opt/airflow/dags/user_processing.py","logger":"airflow.models.dagbag.DagBag"}
{"timestamp":"2025-06-17T03:39:47.188500","level":"info","event":"Filling up the DagBag from /opt/airflow/dags/user_processing.py","logger":"airflow.models.dagbag.DagBag"}
{"timestamp":"2025-06-17T03:40:05.665973","level":"info","event":"Filling up the DagBag from /opt/airflow/dags/user_processing.py","logger":"airflow.models.dagbag.DagBag"}
{"timestamp":"2025-06-17T03:40:36.311010","level":"info","event":"Filling up the DagBag from /opt/airflow/dags/user_processing.py","logger":"airflow.models.dagbag.DagBag"}
{"timestamp":"2025-06-17T03:41:06.854721","level":"info","event":"Filling up the DagBag from /opt/airflow/dags/user_processing.py","logger":"airflow.models.dagbag.DagBag"}
{"timestamp":"2025-06-17T03:41:23.407192","level":"info","event":"Filling up the DagBag from /opt/airflow/dags/user_processing.py","logger":"airflow.models.dagbag.DagBag"}
{"timestamp":"2025-06-17T03:41:54.365172","level":"info","event":"Filling up the DagBag from /opt/airflow/dags/user_processing.py","logger":"airflow.models.dagbag.DagBag"}
{"timestamp":"2025-06-17T03:42:10.736899","level":"info","event":"Filling up the DagBag from /opt/airflow/dags/user_processing.py","logger":"airflow.models.dagbag.DagBag"}
{"timestamp":"2025-06-17T03:42:15.965630","level":"info","event":"Filling up the DagBag from /opt/airflow/dags/user_processing.py","logger":"airflow.models.dagbag.DagBag"}
{"timestamp":"2025-06-17T03:42:42.537119","level":"info","event":"Filling up the DagBag from /opt/airflow/dags/user_processing.py","logger":"airflow.models.dagbag.DagBag"}
{"timestamp":"2025-06-17T03:43:13.129674","level":"info","event":"Filling up the DagBag from /opt/airflow/dags/user_processing.py","logger":"airflow.models.dagbag.DagBag"}
{"timestamp":"2025-06-17T03:43:28.542859","level":"info","event":"Filling up the DagBag from /opt/airflow/dags/user_processing.py","logger":"airflow.models.dagbag.DagBag"}
{"timestamp":"2025-06-17T03:43:34.805831","level":"info","event":"Filling up the DagBag from /opt/airflow/dags/user_processing.py","logger":"airflow.models.dagbag.DagBag"}
{"timestamp":"2025-06-17T03:43:37.005606","level":"info","event":"Filling up the DagBag from /opt/airflow/dags/user_processing.py","logger":"airflow.models.dagbag.DagBag"}
{"timestamp":"2025-06-17T03:43:41.132729","level":"info","event":"Filling up the DagBag from /opt/airflow/dags/user_processing.py","logger":"airflow.models.dagbag.DagBag"}
{"timestamp":"2025-06-17T03:43:48.327864","level":"info","event":"Filling up the DagBag from /opt/airflow/dags/user_processing.py","logger":"airflow.models.dagbag.DagBag"}
{"timestamp":"2025-06-17T03:43:59.673634","level":"info","event":"Filling up the DagBag from /opt/airflow/dags/user_processing.py","logger":"airflow.models.dagbag.DagBag"}
{"timestamp":"2025-06-17T03:44:08.980680","level":"info","event":"Filling up the DagBag from /opt/airflow/dags/user_processing.py","logger":"airflow.models.dagbag.DagBag"}
{"timestamp":"2025-06-17T03:44:14.173987","level":"info","event":"Filling up the DagBag from /opt/airflow/dags/user_processing.py","logger":"airflow.models.dagbag.DagBag"}
{"timestamp":"2025-06-17T03:44:44.697896","level":"info","event":"Filling up the DagBag from /opt/airflow/dags/user_processing.py","logger":"airflow.models.dagbag.DagBag"}
{"timestamp":"2025-06-17T03:45:15.332316","level":"info","event":"Filling up the DagBag from /opt/airflow/dags/user_processing.py","logger":"airflow.models.dagbag.DagBag"}
{"timestamp":"2025-06-17T03:45:20.627085","level":"info","event":"Filling up the DagBag from /opt/airflow/dags/user_processing.py","logger":"airflow.models.dagbag.DagBag"}
{"timestamp":"2025-06-17T03:45:29.898947","level":"info","event":"Filling up the DagBag from /opt/airflow/dags/user_processing.py","logger":"airflow.models.dagbag.DagBag"}
{"timestamp":"2025-06-17T03:46:00.604579","level":"info","event":"Filling up the DagBag from /opt/airflow/dags/user_processing.py","logger":"airflow.models.dagbag.DagBag"}
{"timestamp":"2025-06-17T03:46:31.231815","level":"info","event":"Filling up the DagBag from /opt/airflow/dags/user_processing.py","logger":"airflow.models.dagbag.DagBag"}
{"timestamp":"2025-06-17T03:47:01.824500","level":"info","event":"Filling up the DagBag from /opt/airflow/dags/user_processing.py","logger":"airflow.models.dagbag.DagBag"}
{"timestamp":"2025-06-17T03:47:32.446199","level":"info","event":"Filling up the DagBag from /opt/airflow/dags/user_processing.py","logger":"airflow.models.dagbag.DagBag"}
{"timestamp":"2025-06-17T03:48:03.127727","level":"info","event":"Filling up the DagBag from /opt/airflow/dags/user_processing.py","logger":"airflow.models.dagbag.DagBag"}
{"timestamp":"2025-06-17T03:48:33.642394","level":"info","event":"Filling up the DagBag from /opt/airflow/dags/user_processing.py","logger":"airflow.models.dagbag.DagBag"}
{"timestamp":"2025-06-17T03:49:04.289259","level":"info","event":"Filling up the DagBag from /opt/airflow/dags/user_processing.py","logger":"airflow.models.dagbag.DagBag"}
{"timestamp":"2025-06-17T03:49:18.661494","level":"info","event":"Filling up the DagBag from /opt/airflow/dags/user_processing.py","logger":"airflow.models.dagbag.DagBag"}
{"timestamp":"2025-06-17T03:49:28.224294","level":"info","event":"Filling up the DagBag from /opt/airflow/dags/user_processing.py","logger":"airflow.models.dagbag.DagBag"}
{"timestamp":"2025-06-17T03:49:49.743421","level":"info","event":"Filling up the DagBag from /opt/airflow/dags/user_processing.py","logger":"airflow.models.dagbag.DagBag"}
{"timestamp":"2025-06-17T03:49:56.004739","level":"info","event":"Filling up the DagBag from /opt/airflow/dags/user_processing.py","logger":"airflow.models.dagbag.DagBag"}
{"timestamp":"2025-06-17T03:49:59.165438","level":"info","event":"Filling up the DagBag from /opt/airflow/dags/user_processing.py","logger":"airflow.models.dagbag.DagBag"}
{"timestamp":"2025-06-17T03:50:02.410015","level":"info","event":"Filling up the DagBag from /opt/airflow/dags/user_processing.py","logger":"airflow.models.dagbag.DagBag"}
{"timestamp":"2025-06-17T03:50:11.659220","level":"info","event":"Filling up the DagBag from /opt/airflow/dags/user_processing.py","logger":"airflow.models.dagbag.DagBag"}
{"timestamp":"2025-06-17T03:50:27.015794","level":"info","event":"Filling up the DagBag from /opt/airflow/dags/user_processing.py","logger":"airflow.models.dagbag.DagBag"}
{"timestamp":"2025-06-17T03:50:40.296931","level":"info","event":"Filling up the DagBag from /opt/airflow/dags/user_processing.py","logger":"airflow.models.dagbag.DagBag"}
{"timestamp":"2025-06-17T03:50:54.684975","level":"info","event":"Filling up the DagBag from /opt/airflow/dags/user_processing.py","logger":"airflow.models.dagbag.DagBag"}
{"timestamp":"2025-06-17T03:51:04.017232","level":"info","event":"Filling up the DagBag from /opt/airflow/dags/user_processing.py","logger":"airflow.models.dagbag.DagBag"}
{"timestamp":"2025-06-17T03:51:34.645378","level":"info","event":"Filling up the DagBag from /opt/airflow/dags/user_processing.py","logger":"airflow.models.dagbag.DagBag"}
{"timestamp":"2025-06-17T03:52:05.295683","level":"info","event":"Filling up the DagBag from /opt/airflow/dags/user_processing.py","logger":"airflow.models.dagbag.DagBag"}
{"timestamp":"2025-06-17T03:52:12.613329","level":"info","event":"Filling up the DagBag from /opt/airflow/dags/user_processing.py","logger":"airflow.models.dagbag.DagBag"}
{"timestamp":"2025-06-17T03:52:17.822853","level":"info","event":"Filling up the DagBag from /opt/airflow/dags/user_processing.py","logger":"airflow.models.dagbag.DagBag"}
{"timestamp":"2025-06-17T03:52:24.083387","level":"info","event":"Filling up the DagBag from /opt/airflow/dags/user_processing.py","logger":"airflow.models.dagbag.DagBag"}
{"timestamp":"2025-06-17T03:52:25.223940","level":"info","event":"Filling up the DagBag from /opt/airflow/dags/user_processing.py","logger":"airflow.models.dagbag.DagBag"}
{"timestamp":"2025-06-17T03:52:55.898163","level":"info","event":"Filling up the DagBag from /opt/airflow/dags/user_processing.py","logger":"airflow.models.dagbag.DagBag"}
{"timestamp":"2025-06-17T03:53:26.411704","level":"info","event":"Filling up the DagBag from /opt/airflow/dags/user_processing.py","logger":"airflow.models.dagbag.DagBag"}
{"timestamp":"2025-06-17T03:53:56.942067","level":"info","event":"Filling up the DagBag from /opt/airflow/dags/user_processing.py","logger":"airflow.models.dagbag.DagBag"}
{"timestamp":"2025-06-17T03:54:16.401197","level":"info","event":"Filling up the DagBag from /opt/airflow/dags/user_processing.py","logger":"airflow.models.dagbag.DagBag"}
{"timestamp":"2025-06-17T03:54:16.407168","level":"error","event":"Failed to import: /opt/airflow/dags/user_processing.py","logger":"airflow.models.dagbag.DagBag","error_detail":[{"exc_type":"SyntaxError","exc_value":"invalid syntax (user_processing.py, line 58)","exc_notes":[],"syntax_error":{"offset":20,"filename":"/opt/airflow/dags/user_processing.py","line":"        csv_file = \n","lineno":58,"msg":"invalid syntax"},"is_cause":false,"frames":[{"filename":"/home/airflow/.local/lib/python3.12/site-packages/airflow/models/dagbag.py","lineno":384,"name":"parse"},{"filename":"<frozen importlib._bootstrap_external>","lineno":995,"name":"exec_module"},{"filename":"<frozen importlib._bootstrap_external>","lineno":1133,"name":"get_code"},{"filename":"<frozen importlib._bootstrap_external>","lineno":1063,"name":"source_to_code"},{"filename":"<frozen importlib._bootstrap>","lineno":488,"name":"_call_with_frames_removed"}]}]}
{"timestamp":"2025-06-17T03:54:46.825477","level":"info","event":"Filling up the DagBag from /opt/airflow/dags/user_processing.py","logger":"airflow.models.dagbag.DagBag"}
{"timestamp":"2025-06-17T03:54:46.844994","level":"error","event":"Failed to import: /opt/airflow/dags/user_processing.py","logger":"airflow.models.dagbag.DagBag","error_detail":[{"exc_type":"SyntaxError","exc_value":"invalid syntax (user_processing.py, line 58)","exc_notes":[],"syntax_error":{"offset":20,"filename":"/opt/airflow/dags/user_processing.py","line":"        csv_file = \n","lineno":58,"msg":"invalid syntax"},"is_cause":false,"frames":[{"filename":"/home/airflow/.local/lib/python3.12/site-packages/airflow/models/dagbag.py","lineno":384,"name":"parse"},{"filename":"<frozen importlib._bootstrap_external>","lineno":995,"name":"exec_module"},{"filename":"<frozen importlib._bootstrap_external>","lineno":1133,"name":"get_code"},{"filename":"<frozen importlib._bootstrap_external>","lineno":1063,"name":"source_to_code"},{"filename":"<frozen importlib._bootstrap>","lineno":488,"name":"_call_with_frames_removed"}]}]}
{"timestamp":"2025-06-17T03:55:17.515211","level":"info","event":"Filling up the DagBag from /opt/airflow/dags/user_processing.py","logger":"airflow.models.dagbag.DagBag"}
{"timestamp":"2025-06-17T03:55:17.521390","level":"error","event":"Failed to import: /opt/airflow/dags/user_processing.py","logger":"airflow.models.dagbag.DagBag","error_detail":[{"exc_type":"SyntaxError","exc_value":"invalid syntax (user_processing.py, line 58)","exc_notes":[],"syntax_error":{"offset":20,"filename":"/opt/airflow/dags/user_processing.py","line":"        csv_file = \n","lineno":58,"msg":"invalid syntax"},"is_cause":false,"frames":[{"filename":"/home/airflow/.local/lib/python3.12/site-packages/airflow/models/dagbag.py","lineno":384,"name":"parse"},{"filename":"<frozen importlib._bootstrap_external>","lineno":995,"name":"exec_module"},{"filename":"<frozen importlib._bootstrap_external>","lineno":1133,"name":"get_code"},{"filename":"<frozen importlib._bootstrap_external>","lineno":1063,"name":"source_to_code"},{"filename":"<frozen importlib._bootstrap>","lineno":488,"name":"_call_with_frames_removed"}]}]}
{"timestamp":"2025-06-17T03:55:47.982914","level":"info","event":"Filling up the DagBag from /opt/airflow/dags/user_processing.py","logger":"airflow.models.dagbag.DagBag"}
{"timestamp":"2025-06-17T03:55:47.988295","level":"error","event":"Failed to import: /opt/airflow/dags/user_processing.py","logger":"airflow.models.dagbag.DagBag","error_detail":[{"exc_type":"SyntaxError","exc_value":"invalid syntax (user_processing.py, line 58)","exc_notes":[],"syntax_error":{"offset":20,"filename":"/opt/airflow/dags/user_processing.py","line":"        csv_file = \n","lineno":58,"msg":"invalid syntax"},"is_cause":false,"frames":[{"filename":"/home/airflow/.local/lib/python3.12/site-packages/airflow/models/dagbag.py","lineno":384,"name":"parse"},{"filename":"<frozen importlib._bootstrap_external>","lineno":995,"name":"exec_module"},{"filename":"<frozen importlib._bootstrap_external>","lineno":1133,"name":"get_code"},{"filename":"<frozen importlib._bootstrap_external>","lineno":1063,"name":"source_to_code"},{"filename":"<frozen importlib._bootstrap>","lineno":488,"name":"_call_with_frames_removed"}]}]}
{"timestamp":"2025-06-17T03:55:57.444236","level":"info","event":"Filling up the DagBag from /opt/airflow/dags/user_processing.py","logger":"airflow.models.dagbag.DagBag"}
{"timestamp":"2025-06-17T03:56:15.924785","level":"info","event":"Filling up the DagBag from /opt/airflow/dags/user_processing.py","logger":"airflow.models.dagbag.DagBag"}
{"timestamp":"2025-06-17T03:56:46.445449","level":"info","event":"Filling up the DagBag from /opt/airflow/dags/user_processing.py","logger":"airflow.models.dagbag.DagBag"}
{"timestamp":"2025-06-17T03:57:17.158694","level":"info","event":"Filling up the DagBag from /opt/airflow/dags/user_processing.py","logger":"airflow.models.dagbag.DagBag"}
{"timestamp":"2025-06-17T03:57:47.830489","level":"info","event":"Filling up the DagBag from /opt/airflow/dags/user_processing.py","logger":"airflow.models.dagbag.DagBag"}
{"timestamp":"2025-06-17T03:57:57.178770","level":"info","event":"Filling up the DagBag from /opt/airflow/dags/user_processing.py","logger":"airflow.models.dagbag.DagBag"}
{"timestamp":"2025-06-17T03:58:16.712422","level":"info","event":"Filling up the DagBag from /opt/airflow/dags/user_processing.py","logger":"airflow.models.dagbag.DagBag"}
{"timestamp":"2025-06-17T03:58:47.307304","level":"info","event":"Filling up the DagBag from /opt/airflow/dags/user_processing.py","logger":"airflow.models.dagbag.DagBag"}
{"timestamp":"2025-06-17T03:58:56.848200","level":"info","event":"Filling up the DagBag from /opt/airflow/dags/user_processing.py","logger":"airflow.models.dagbag.DagBag"}
{"timestamp":"2025-06-17T03:59:09.284191","level":"info","event":"Filling up the DagBag from /opt/airflow/dags/user_processing.py","logger":"airflow.models.dagbag.DagBag"}
{"timestamp":"2025-06-17T03:59:39.860809","level":"info","event":"Filling up the DagBag from /opt/airflow/dags/user_processing.py","logger":"airflow.models.dagbag.DagBag"}
{"timestamp":"2025-06-17T03:59:53.529606","level":"info","event":"Filling up the DagBag from /opt/airflow/dags/user_processing.py","logger":"airflow.models.dagbag.DagBag"}
{"timestamp":"2025-06-17T04:00:11.977965","level":"info","event":"Filling up the DagBag from /opt/airflow/dags/user_processing.py","logger":"airflow.models.dagbag.DagBag"}
{"timestamp":"2025-06-17T04:00:42.528084","level":"info","event":"Filling up the DagBag from /opt/airflow/dags/user_processing.py","logger":"airflow.models.dagbag.DagBag"}
{"timestamp":"2025-06-17T04:01:13.376837","level":"info","event":"Filling up the DagBag from /opt/airflow/dags/user_processing.py","logger":"airflow.models.dagbag.DagBag"}
{"timestamp":"2025-06-17T04:01:44.418697","level":"info","event":"Filling up the DagBag from /opt/airflow/dags/user_processing.py","logger":"airflow.models.dagbag.DagBag"}
{"timestamp":"2025-06-17T04:02:15.073949","level":"info","event":"Filling up the DagBag from /opt/airflow/dags/user_processing.py","logger":"airflow.models.dagbag.DagBag"}
{"timestamp":"2025-06-17T04:02:45.576619","level":"info","event":"Filling up the DagBag from /opt/airflow/dags/user_processing.py","logger":"airflow.models.dagbag.DagBag"}
{"timestamp":"2025-06-17T04:03:16.192314","level":"info","event":"Filling up the DagBag from /opt/airflow/dags/user_processing.py","logger":"airflow.models.dagbag.DagBag"}
{"timestamp":"2025-06-17T04:03:46.741327","level":"info","event":"Filling up the DagBag from /opt/airflow/dags/user_processing.py","logger":"airflow.models.dagbag.DagBag"}
{"timestamp":"2025-06-17T04:04:17.326423","level":"info","event":"Filling up the DagBag from /opt/airflow/dags/user_processing.py","logger":"airflow.models.dagbag.DagBag"}
{"timestamp":"2025-06-17T04:04:40.877541","level":"info","event":"Filling up the DagBag from /opt/airflow/dags/user_processing.py","logger":"airflow.models.dagbag.DagBag"}
{"timestamp":"2025-06-17T04:04:52.689506","level":"info","event":"Filling up the DagBag from /opt/airflow/dags/user_processing.py","logger":"airflow.models.dagbag.DagBag"}
{"timestamp":"2025-06-17T04:05:23.254107","level":"info","event":"Filling up the DagBag from /opt/airflow/dags/user_processing.py","logger":"airflow.models.dagbag.DagBag"}
{"timestamp":"2025-06-17T04:05:26.429149","level":"info","event":"Filling up the DagBag from /opt/airflow/dags/user_processing.py","logger":"airflow.models.dagbag.DagBag"}
{"timestamp":"2025-06-17T04:05:26.435068","level":"error","event":"Failed to import: /opt/airflow/dags/user_processing.py","logger":"airflow.models.dagbag.DagBag","error_detail":[{"exc_type":"SyntaxError","exc_value":"invalid syntax (user_processing.py, line 74)","exc_notes":[],"syntax_error":{"offset":5,"filename":"/opt/airflow/dags/user_processing.py","line":"    store_user():\n","lineno":74,"msg":"invalid syntax"},"is_cause":false,"frames":[{"filename":"/home/airflow/.local/lib/python3.12/site-packages/airflow/models/dagbag.py","lineno":384,"name":"parse"},{"filename":"<frozen importlib._bootstrap_external>","lineno":995,"name":"exec_module"},{"filename":"<frozen importlib._bootstrap_external>","lineno":1133,"name":"get_code"},{"filename":"<frozen importlib._bootstrap_external>","lineno":1063,"name":"source_to_code"},{"filename":"<frozen importlib._bootstrap>","lineno":488,"name":"_call_with_frames_removed"}]}]}
{"timestamp":"2025-06-17T04:05:56.986934","level":"info","event":"Filling up the DagBag from /opt/airflow/dags/user_processing.py","logger":"airflow.models.dagbag.DagBag"}
{"timestamp":"2025-06-17T04:05:56.992256","level":"error","event":"Failed to import: /opt/airflow/dags/user_processing.py","logger":"airflow.models.dagbag.DagBag","error_detail":[{"exc_type":"SyntaxError","exc_value":"invalid syntax (user_processing.py, line 74)","exc_notes":[],"syntax_error":{"offset":5,"filename":"/opt/airflow/dags/user_processing.py","line":"    store_user():\n","lineno":74,"msg":"invalid syntax"},"is_cause":false,"frames":[{"filename":"/home/airflow/.local/lib/python3.12/site-packages/airflow/models/dagbag.py","lineno":384,"name":"parse"},{"filename":"<frozen importlib._bootstrap_external>","lineno":995,"name":"exec_module"},{"filename":"<frozen importlib._bootstrap_external>","lineno":1133,"name":"get_code"},{"filename":"<frozen importlib._bootstrap_external>","lineno":1063,"name":"source_to_code"},{"filename":"<frozen importlib._bootstrap>","lineno":488,"name":"_call_with_frames_removed"}]}]}
{"timestamp":"2025-06-17T04:06:27.500560","level":"info","event":"Filling up the DagBag from /opt/airflow/dags/user_processing.py","logger":"airflow.models.dagbag.DagBag"}
{"timestamp":"2025-06-17T04:06:27.505466","level":"error","event":"Failed to import: /opt/airflow/dags/user_processing.py","logger":"airflow.models.dagbag.DagBag","error_detail":[{"exc_type":"SyntaxError","exc_value":"invalid syntax (user_processing.py, line 74)","exc_notes":[],"syntax_error":{"offset":5,"filename":"/opt/airflow/dags/user_processing.py","line":"    store_user():\n","lineno":74,"msg":"invalid syntax"},"is_cause":false,"frames":[{"filename":"/home/airflow/.local/lib/python3.12/site-packages/airflow/models/dagbag.py","lineno":384,"name":"parse"},{"filename":"<frozen importlib._bootstrap_external>","lineno":995,"name":"exec_module"},{"filename":"<frozen importlib._bootstrap_external>","lineno":1133,"name":"get_code"},{"filename":"<frozen importlib._bootstrap_external>","lineno":1063,"name":"source_to_code"},{"filename":"<frozen importlib._bootstrap>","lineno":488,"name":"_call_with_frames_removed"}]}]}
{"timestamp":"2025-06-17T04:06:30.644620","level":"info","event":"Filling up the DagBag from /opt/airflow/dags/user_processing.py","logger":"airflow.models.dagbag.DagBag"}
{"timestamp":"2025-06-17T04:06:38.909100","level":"info","event":"Filling up the DagBag from /opt/airflow/dags/user_processing.py","logger":"airflow.models.dagbag.DagBag"}
{"timestamp":"2025-06-17T04:07:09.471365","level":"info","event":"Filling up the DagBag from /opt/airflow/dags/user_processing.py","logger":"airflow.models.dagbag.DagBag"}
{"timestamp":"2025-06-17T04:07:38.992607","level":"info","event":"Filling up the DagBag from /opt/airflow/dags/user_processing.py","logger":"airflow.models.dagbag.DagBag"}
{"timestamp":"2025-06-17T04:07:41.141140","level":"info","event":"Filling up the DagBag from /opt/airflow/dags/user_processing.py","logger":"airflow.models.dagbag.DagBag"}
{"timestamp":"2025-06-17T04:08:12.032382","level":"info","event":"Filling up the DagBag from /opt/airflow/dags/user_processing.py","logger":"airflow.models.dagbag.DagBag"}
{"timestamp":"2025-06-17T04:08:42.617842","level":"info","event":"Filling up the DagBag from /opt/airflow/dags/user_processing.py","logger":"airflow.models.dagbag.DagBag"}
{"timestamp":"2025-06-17T04:09:03.071762","level":"info","event":"Filling up the DagBag from /opt/airflow/dags/user_processing.py","logger":"airflow.models.dagbag.DagBag"}
{"timestamp":"2025-06-17T04:09:33.844630","level":"info","event":"Filling up the DagBag from /opt/airflow/dags/user_processing.py","logger":"airflow.models.dagbag.DagBag"}
{"timestamp":"2025-06-17T04:10:04.524119","level":"info","event":"Filling up the DagBag from /opt/airflow/dags/user_processing.py","logger":"airflow.models.dagbag.DagBag"}
{"timestamp":"2025-06-17T04:10:35.179616","level":"info","event":"Filling up the DagBag from /opt/airflow/dags/user_processing.py","logger":"airflow.models.dagbag.DagBag"}
{"timestamp":"2025-06-17T04:11:04.812403","level":"info","event":"Filling up the DagBag from /opt/airflow/dags/user_processing.py","logger":"airflow.models.dagbag.DagBag"}
{"timestamp":"2025-06-17T04:11:35.451623","level":"info","event":"Filling up the DagBag from /opt/airflow/dags/user_processing.py","logger":"airflow.models.dagbag.DagBag"}
{"timestamp":"2025-06-17T04:11:43.722795","level":"info","event":"Filling up the DagBag from /opt/airflow/dags/user_processing.py","logger":"airflow.models.dagbag.DagBag"}
{"timestamp":"2025-06-17T04:12:14.279901","level":"info","event":"Filling up the DagBag from /opt/airflow/dags/user_processing.py","logger":"airflow.models.dagbag.DagBag"}
{"timestamp":"2025-06-17T04:12:44.835234","level":"info","event":"Filling up the DagBag from /opt/airflow/dags/user_processing.py","logger":"airflow.models.dagbag.DagBag"}
{"timestamp":"2025-06-17T04:13:15.565578","level":"info","event":"Filling up the DagBag from /opt/airflow/dags/user_processing.py","logger":"airflow.models.dagbag.DagBag"}
{"timestamp":"2025-06-17T04:13:29.870104","level":"info","event":"Filling up the DagBag from /opt/airflow/dags/user_processing.py","logger":"airflow.models.dagbag.DagBag"}
{"timestamp":"2025-06-17T04:13:51.467620","level":"info","event":"Filling up the DagBag from /opt/airflow/dags/user_processing.py","logger":"airflow.models.dagbag.DagBag"}
{"timestamp":"2025-06-17T04:13:58.771164","level":"info","event":"Filling up the DagBag from /opt/airflow/dags/user_processing.py","logger":"airflow.models.dagbag.DagBag"}
{"timestamp":"2025-06-17T04:14:29.365685","level":"info","event":"Filling up the DagBag from /opt/airflow/dags/user_processing.py","logger":"airflow.models.dagbag.DagBag"}
